running egg_info
creating ../../build/simple_commands/simple_commands.egg-info
writing ../../build/simple_commands/simple_commands.egg-info/PKG-INFO
writing dependency_links to ../../build/simple_commands/simple_commands.egg-info/dependency_links.txt
writing entry points to ../../build/simple_commands/simple_commands.egg-info/entry_points.txt
writing requirements to ../../build/simple_commands/simple_commands.egg-info/requires.txt
writing top-level names to ../../build/simple_commands/simple_commands.egg-info/top_level.txt
writing manifest file '../../build/simple_commands/simple_commands.egg-info/SOURCES.txt'
reading manifest file '../../build/simple_commands/simple_commands.egg-info/SOURCES.txt'
adding license file 'LICENSE'
writing manifest file '../../build/simple_commands/simple_commands.egg-info/SOURCES.txt'
running build
running build_py
creating /home/sanmaster/turtlebot_development/build/simple_commands/build
creating /home/sanmaster/turtlebot_development/build/simple_commands/build/lib
creating /home/sanmaster/turtlebot_development/build/simple_commands/build/lib/simple_commands
copying simple_commands/__init__.py -> /home/sanmaster/turtlebot_development/build/simple_commands/build/lib/simple_commands
running install
running install_lib
creating /home/sanmaster/turtlebot_development/install/simple_commands/lib/python3.10/site-packages/simple_commands
copying /home/sanmaster/turtlebot_development/build/simple_commands/build/lib/simple_commands/__init__.py -> /home/sanmaster/turtlebot_development/install/simple_commands/lib/python3.10/site-packages/simple_commands
byte-compiling /home/sanmaster/turtlebot_development/install/simple_commands/lib/python3.10/site-packages/simple_commands/__init__.py to __init__.cpython-310.pyc
running install_data
creating /home/sanmaster/turtlebot_development/install/simple_commands/share/ament_index
creating /home/sanmaster/turtlebot_development/install/simple_commands/share/ament_index/resource_index
creating /home/sanmaster/turtlebot_development/install/simple_commands/share/ament_index/resource_index/packages
copying resource/simple_commands -> /home/sanmaster/turtlebot_development/install/simple_commands/share/ament_index/resource_index/packages
copying package.xml -> /home/sanmaster/turtlebot_development/install/simple_commands/share/simple_commands
running install_egg_info
Copying ../../build/simple_commands/simple_commands.egg-info to /home/sanmaster/turtlebot_development/install/simple_commands/lib/python3.10/site-packages/simple_commands-0.0.0-py3.10.egg-info
running install_scripts
writing list of installed files to '/home/sanmaster/turtlebot_development/build/simple_commands/install.log'
