[0.666s] Invoking command in '/home/sanmaster/turtlebot_development/src/simple_commands': PYTHONPATH=/home/sanmaster/turtlebot_development/build/simple_commands/prefix_override:/usr/lib/python3/dist-packages/colcon_core/task/python/colcon_distutils_commands:/home/sanmaster/turtlebot_development/install/simple_commands/lib/python3.10/site-packages:${PYTHONPATH} /usr/bin/python3 -W ignore:setup.py install is deprecated setup.py egg_info --egg-base ../../build/simple_commands build --build-base /home/sanmaster/turtlebot_development/build/simple_commands/build install --record /home/sanmaster/turtlebot_development/build/simple_commands/install.log --single-version-externally-managed install_data
[0.921s] running egg_info
[0.921s] creating ../../build/simple_commands/simple_commands.egg-info
[0.922s] writing ../../build/simple_commands/simple_commands.egg-info/PKG-INFO
[0.922s] writing dependency_links to ../../build/simple_commands/simple_commands.egg-info/dependency_links.txt
[0.922s] writing entry points to ../../build/simple_commands/simple_commands.egg-info/entry_points.txt
[0.922s] writing requirements to ../../build/simple_commands/simple_commands.egg-info/requires.txt
[0.922s] writing top-level names to ../../build/simple_commands/simple_commands.egg-info/top_level.txt
[0.922s] writing manifest file '../../build/simple_commands/simple_commands.egg-info/SOURCES.txt'
[0.924s] reading manifest file '../../build/simple_commands/simple_commands.egg-info/SOURCES.txt'
[0.924s] adding license file 'LICENSE'
[0.925s] writing manifest file '../../build/simple_commands/simple_commands.egg-info/SOURCES.txt'
[0.925s] running build
[0.925s] running build_py
[0.925s] creating /home/sanmaster/turtlebot_development/build/simple_commands/build
[0.925s] creating /home/sanmaster/turtlebot_development/build/simple_commands/build/lib
[0.925s] creating /home/sanmaster/turtlebot_development/build/simple_commands/build/lib/simple_commands
[0.925s] copying simple_commands/__init__.py -> /home/sanmaster/turtlebot_development/build/simple_commands/build/lib/simple_commands
[0.925s] running install
[0.925s] running install_lib
[0.926s] creating /home/sanmaster/turtlebot_development/install/simple_commands/lib/python3.10/site-packages/simple_commands
[0.926s] copying /home/sanmaster/turtlebot_development/build/simple_commands/build/lib/simple_commands/__init__.py -> /home/sanmaster/turtlebot_development/install/simple_commands/lib/python3.10/site-packages/simple_commands
[0.926s] byte-compiling /home/sanmaster/turtlebot_development/install/simple_commands/lib/python3.10/site-packages/simple_commands/__init__.py to __init__.cpython-310.pyc
[0.927s] running install_data
[0.927s] creating /home/sanmaster/turtlebot_development/install/simple_commands/share/ament_index
[0.927s] creating /home/sanmaster/turtlebot_development/install/simple_commands/share/ament_index/resource_index
[0.927s] creating /home/sanmaster/turtlebot_development/install/simple_commands/share/ament_index/resource_index/packages
[0.927s] copying resource/simple_commands -> /home/sanmaster/turtlebot_development/install/simple_commands/share/ament_index/resource_index/packages
[0.927s] copying package.xml -> /home/sanmaster/turtlebot_development/install/simple_commands/share/simple_commands
[0.927s] running install_egg_info
[0.929s] Copying ../../build/simple_commands/simple_commands.egg-info to /home/sanmaster/turtlebot_development/install/simple_commands/lib/python3.10/site-packages/simple_commands-0.0.0-py3.10.egg-info
[0.930s] running install_scripts
[0.949s] writing list of installed files to '/home/sanmaster/turtlebot_development/build/simple_commands/install.log'
[0.970s] Invoked command in '/home/sanmaster/turtlebot_development/src/simple_commands' returned '0': PYTHONPATH=/home/sanmaster/turtlebot_development/build/simple_commands/prefix_override:/usr/lib/python3/dist-packages/colcon_core/task/python/colcon_distutils_commands:/home/sanmaster/turtlebot_development/install/simple_commands/lib/python3.10/site-packages:${PYTHONPATH} /usr/bin/python3 -W ignore:setup.py install is deprecated setup.py egg_info --egg-base ../../build/simple_commands build --build-base /home/sanmaster/turtlebot_development/build/simple_commands/build install --record /home/sanmaster/turtlebot_development/build/simple_commands/install.log --single-version-externally-managed install_data
