[0.661s] Invoking command in '/home/sanmaster/turtlebot_development/src/simple_commands': PYTHONPATH=/home/sanmaster/turtlebot_development/build/simple_commands/prefix_override:/usr/lib/python3/dist-packages/colcon_core/task/python/colcon_distutils_commands:/home/sanmaster/turtlebot_development/install/simple_commands/lib/python3.10/site-packages:${PYTHONPATH} /usr/bin/python3 -W ignore:setup.py install is deprecated setup.py egg_info --egg-base ../../build/simple_commands build --build-base /home/sanmaster/turtlebot_development/build/simple_commands/build install --record /home/sanmaster/turtlebot_development/build/simple_commands/install.log --single-version-externally-managed install_data
[0.908s] running egg_info
[0.909s] writing ../../build/simple_commands/simple_commands.egg-info/PKG-INFO
[0.909s] writing dependency_links to ../../build/simple_commands/simple_commands.egg-info/dependency_links.txt
[0.909s] writing entry points to ../../build/simple_commands/simple_commands.egg-info/entry_points.txt
[0.909s] writing requirements to ../../build/simple_commands/simple_commands.egg-info/requires.txt
[0.909s] writing top-level names to ../../build/simple_commands/simple_commands.egg-info/top_level.txt
[0.911s] reading manifest file '../../build/simple_commands/simple_commands.egg-info/SOURCES.txt'
[0.911s] adding license file 'LICENSE'
[0.912s] writing manifest file '../../build/simple_commands/simple_commands.egg-info/SOURCES.txt'
[0.912s] running build
[0.912s] running build_py
[0.912s] running install
[0.912s] running install_lib
[0.913s] running install_data
[0.914s] running install_egg_info
[0.915s] removing '/home/sanmaster/turtlebot_development/install/simple_commands/lib/python3.10/site-packages/simple_commands-0.0.0-py3.10.egg-info' (and everything under it)
[0.916s] Copying ../../build/simple_commands/simple_commands.egg-info to /home/sanmaster/turtlebot_development/install/simple_commands/lib/python3.10/site-packages/simple_commands-0.0.0-py3.10.egg-info
[0.916s] running install_scripts
[0.935s] Installing aruco_publisher script to /home/sanmaster/turtlebot_development/install/simple_commands/lib/simple_commands
[0.935s] Installing aruco_subscriber script to /home/sanmaster/turtlebot_development/install/simple_commands/lib/simple_commands
[0.935s] Installing movement_publisher script to /home/sanmaster/turtlebot_development/install/simple_commands/lib/simple_commands
[0.936s] writing list of installed files to '/home/sanmaster/turtlebot_development/build/simple_commands/install.log'
[0.955s] Invoked command in '/home/sanmaster/turtlebot_development/src/simple_commands' returned '0': PYTHONPATH=/home/sanmaster/turtlebot_development/build/simple_commands/prefix_override:/usr/lib/python3/dist-packages/colcon_core/task/python/colcon_distutils_commands:/home/sanmaster/turtlebot_development/install/simple_commands/lib/python3.10/site-packages:${PYTHONPATH} /usr/bin/python3 -W ignore:setup.py install is deprecated setup.py egg_info --egg-base ../../build/simple_commands build --build-base /home/sanmaster/turtlebot_development/build/simple_commands/build install --record /home/sanmaster/turtlebot_development/build/simple_commands/install.log --single-version-externally-managed install_data
