[0.816s] Invoking command in '/home/sanmaster/turtlebot_development/build/simple_commands': PYTHONPATH=/home/sanmaster/turtlebot_development/build/simple_commands/prefix_override:/usr/lib/python3/dist-packages/colcon_core/task/python/colcon_distutils_commands:/home/sanmaster/turtlebot_development/install/simple_commands/lib/python3.10/site-packages:${PYTHONPATH} /usr/bin/python3 -W ignore:setup.py install is deprecated setup.py develop --editable --build-directory /home/sanmaster/turtlebot_development/build/simple_commands/build --no-deps symlink_data
[1.107s] running develop
[1.107s] /usr/lib/python3/dist-packages/setuptools/command/easy_install.py:158: EasyInstallDeprecationWarning: easy_install command is deprecated. Use build and pip and other standards-based tools.
[1.107s]   warnings.warn(
[1.324s] running egg_info
[1.324s] writing simple_commands.egg-info/PKG-INFO
[1.324s] writing dependency_links to simple_commands.egg-info/dependency_links.txt
[1.325s] writing entry points to simple_commands.egg-info/entry_points.txt
[1.325s] writing requirements to simple_commands.egg-info/requires.txt
[1.325s] writing top-level names to simple_commands.egg-info/top_level.txt
[1.326s] reading manifest file 'simple_commands.egg-info/SOURCES.txt'
[1.327s] writing manifest file 'simple_commands.egg-info/SOURCES.txt'
[1.328s] running build_ext
[1.329s] Creating /home/sanmaster/turtlebot_development/install/simple_commands/lib/python3.10/site-packages/simple-commands.egg-link (link to .)
[1.330s] Installing aruco_publisher script to /home/sanmaster/turtlebot_development/install/simple_commands/lib/simple_commands
[1.330s] Installing aruco_subscriber script to /home/sanmaster/turtlebot_development/install/simple_commands/lib/simple_commands
[1.330s] Installing movement_publisher script to /home/sanmaster/turtlebot_development/install/simple_commands/lib/simple_commands
[1.330s] 
[1.330s] Installed /home/sanmaster/turtlebot_development/build/simple_commands
[1.330s] running symlink_data
[1.356s] Invoked command in '/home/sanmaster/turtlebot_development/build/simple_commands' returned '0': PYTHONPATH=/home/sanmaster/turtlebot_development/build/simple_commands/prefix_override:/usr/lib/python3/dist-packages/colcon_core/task/python/colcon_distutils_commands:/home/sanmaster/turtlebot_development/install/simple_commands/lib/python3.10/site-packages:${PYTHONPATH} /usr/bin/python3 -W ignore:setup.py install is deprecated setup.py develop --editable --build-directory /home/sanmaster/turtlebot_development/build/simple_commands/build --no-deps symlink_data
