/home/sanmaster/turtlebot_development/install/simple_commands/lib/python3.10/site-packages/simple_commands/__init__.py
/home/sanmaster/turtlebot_development/install/simple_commands/lib/python3.10/site-packages/simple_commands/__pycache__/__init__.cpython-310.pyc
/home/sanmaster/turtlebot_development/install/simple_commands/share/ament_index/resource_index/packages/simple_commands
/home/sanmaster/turtlebot_development/install/simple_commands/share/simple_commands/package.xml
/home/sanmaster/turtlebot_development/install/simple_commands/share/simple_commands/launch/launch_turtlebot.py
/home/sanmaster/turtlebot_development/install/simple_commands/share/simple_commands/urdf/turtlebot3_burger.urdf.xacro
/home/sanmaster/turtlebot_development/install/simple_commands/share/simple_commands/urdf/turtlebot3_burger.gazebo.xacro
/home/sanmaster/turtlebot_development/install/simple_commands/share/simple_commands/meshes/burger_base.stl
/home/sanmaster/turtlebot_development/install/simple_commands/share/simple_commands/meshes/lds.stl
/home/sanmaster/turtlebot_development/install/simple_commands/share/simple_commands/meshes/left_tire.stl
/home/sanmaster/turtlebot_development/install/simple_commands/share/simple_commands/meshes/right_tire.stl
/home/sanmaster/turtlebot_development/install/simple_commands/lib/python3.10/site-packages/simple_commands-0.0.0-py3.10.egg-info/requires.txt
/home/sanmaster/turtlebot_development/install/simple_commands/lib/python3.10/site-packages/simple_commands-0.0.0-py3.10.egg-info/zip-safe
/home/sanmaster/turtlebot_development/install/simple_commands/lib/python3.10/site-packages/simple_commands-0.0.0-py3.10.egg-info/entry_points.txt
/home/sanmaster/turtlebot_development/install/simple_commands/lib/python3.10/site-packages/simple_commands-0.0.0-py3.10.egg-info/PKG-INFO
/home/sanmaster/turtlebot_development/install/simple_commands/lib/python3.10/site-packages/simple_commands-0.0.0-py3.10.egg-info/SOURCES.txt
/home/sanmaster/turtlebot_development/install/simple_commands/lib/python3.10/site-packages/simple_commands-0.0.0-py3.10.egg-info/dependency_links.txt
/home/sanmaster/turtlebot_development/install/simple_commands/lib/python3.10/site-packages/simple_commands-0.0.0-py3.10.egg-info/top_level.txt
/home/sanmaster/turtlebot_development/install/simple_commands/lib/simple_commands/aruco_publisher
/home/sanmaster/turtlebot_development/install/simple_commands/lib/simple_commands/aruco_subscriber
/home/sanmaster/turtlebot_development/install/simple_commands/lib/simple_commands/movement_publisher
/home/sanmaster/turtlebot_development/install/simple_commands/lib/simple_commands/robots_formation
