[0.668s] Invoking command in '/home/sanmaster/turtlebot_development/build/simple_commands': PYTHONPATH=/home/sanmaster/turtlebot_development/build/simple_commands/prefix_override:/usr/lib/python3/dist-packages/colcon_core/task/python/colcon_distutils_commands:/home/sanmaster/turtlebot_development/install/simple_commands/lib/python3.10/site-packages:${PYTHONPATH} /usr/bin/python3 -W ignore:setup.py install is deprecated setup.py develop --uninstall --editable --build-directory /home/sanmaster/turtlebot_development/build/simple_commands/build
[0.936s] running develop
[0.937s] /usr/lib/python3/dist-packages/setuptools/command/easy_install.py:158: EasyInstallDeprecationWarning: easy_install command is deprecated. Use build and pip and other standards-based tools.
[0.937s]   warnings.warn(
[1.138s] Removing /home/sanmaster/turtlebot_development/install/simple_commands/lib/python3.10/site-packages/simple-commands.egg-link (link to .)
[1.158s] Invoked command in '/home/sanmaster/turtlebot_development/build/simple_commands' returned '0': PYTHONPATH=/home/sanmaster/turtlebot_development/build/simple_commands/prefix_override:/usr/lib/python3/dist-packages/colcon_core/task/python/colcon_distutils_commands:/home/sanmaster/turtlebot_development/install/simple_commands/lib/python3.10/site-packages:${PYTHONPATH} /usr/bin/python3 -W ignore:setup.py install is deprecated setup.py develop --uninstall --editable --build-directory /home/sanmaster/turtlebot_development/build/simple_commands/build
[1.160s] Invoking command in '/home/sanmaster/turtlebot_development/src/simple_commands': PYTHONPATH=/home/sanmaster/turtlebot_development/build/simple_commands/prefix_override:/usr/lib/python3/dist-packages/colcon_core/task/python/colcon_distutils_commands:/home/sanmaster/turtlebot_development/install/simple_commands/lib/python3.10/site-packages:${PYTHONPATH} /usr/bin/python3 -W ignore:setup.py install is deprecated setup.py egg_info --egg-base ../../build/simple_commands build --build-base /home/sanmaster/turtlebot_development/build/simple_commands/build install --record /home/sanmaster/turtlebot_development/build/simple_commands/install.log --single-version-externally-managed install_data --force
[1.411s] running egg_info
[1.411s] writing ../../build/simple_commands/simple_commands.egg-info/PKG-INFO
[1.411s] writing dependency_links to ../../build/simple_commands/simple_commands.egg-info/dependency_links.txt
[1.412s] writing entry points to ../../build/simple_commands/simple_commands.egg-info/entry_points.txt
[1.412s] writing requirements to ../../build/simple_commands/simple_commands.egg-info/requires.txt
[1.412s] writing top-level names to ../../build/simple_commands/simple_commands.egg-info/top_level.txt
[1.414s] reading manifest file '../../build/simple_commands/simple_commands.egg-info/SOURCES.txt'
[1.414s] adding license file 'LICENSE'
[1.415s] writing manifest file '../../build/simple_commands/simple_commands.egg-info/SOURCES.txt'
[1.415s] running build
[1.415s] running build_py
[1.415s] running install
[1.415s] running install_lib
[1.416s] copying /home/sanmaster/turtlebot_development/build/simple_commands/build/lib/simple_commands/__init__.py -> /home/sanmaster/turtlebot_development/install/simple_commands/lib/python3.10/site-packages/simple_commands
[1.416s] byte-compiling /home/sanmaster/turtlebot_development/install/simple_commands/lib/python3.10/site-packages/simple_commands/__init__.py to __init__.cpython-310.pyc
[1.417s] running install_data
[1.417s] copying resource/simple_commands -> /home/sanmaster/turtlebot_development/install/simple_commands/share/ament_index/resource_index/packages
[1.417s] copying package.xml -> /home/sanmaster/turtlebot_development/install/simple_commands/share/simple_commands
[1.417s] copying launch/launch_turtlebot.py -> /home/sanmaster/turtlebot_development/install/simple_commands/share/simple_commands/launch
[1.417s] copying urdf/turtlebot3_burger.urdf.xacro -> /home/sanmaster/turtlebot_development/install/simple_commands/share/simple_commands/urdf
[1.417s] copying urdf/turtlebot3_burger.gazebo.xacro -> /home/sanmaster/turtlebot_development/install/simple_commands/share/simple_commands/urdf
[1.417s] copying meshes/bases/burger_base.stl -> /home/sanmaster/turtlebot_development/install/simple_commands/share/simple_commands/meshes
[1.419s] copying meshes/sensors/lds.stl -> /home/sanmaster/turtlebot_development/install/simple_commands/share/simple_commands/meshes
[1.419s] copying meshes/wheels/left_tire.stl -> /home/sanmaster/turtlebot_development/install/simple_commands/share/simple_commands/meshes
[1.420s] copying meshes/wheels/right_tire.stl -> /home/sanmaster/turtlebot_development/install/simple_commands/share/simple_commands/meshes
[1.421s] running install_egg_info
[1.423s] Copying ../../build/simple_commands/simple_commands.egg-info to /home/sanmaster/turtlebot_development/install/simple_commands/lib/python3.10/site-packages/simple_commands-0.0.0-py3.10.egg-info
[1.424s] running install_scripts
[1.444s] Installing aruco_publisher script to /home/sanmaster/turtlebot_development/install/simple_commands/lib/simple_commands
[1.444s] Installing aruco_subscriber script to /home/sanmaster/turtlebot_development/install/simple_commands/lib/simple_commands
[1.444s] Installing movement_publisher script to /home/sanmaster/turtlebot_development/install/simple_commands/lib/simple_commands
[1.444s] writing list of installed files to '/home/sanmaster/turtlebot_development/build/simple_commands/install.log'
[1.464s] Invoked command in '/home/sanmaster/turtlebot_development/src/simple_commands' returned '0': PYTHONPATH=/home/sanmaster/turtlebot_development/build/simple_commands/prefix_override:/usr/lib/python3/dist-packages/colcon_core/task/python/colcon_distutils_commands:/home/sanmaster/turtlebot_development/install/simple_commands/lib/python3.10/site-packages:${PYTHONPATH} /usr/bin/python3 -W ignore:setup.py install is deprecated setup.py egg_info --egg-base ../../build/simple_commands build --build-base /home/sanmaster/turtlebot_development/build/simple_commands/build install --record /home/sanmaster/turtlebot_development/build/simple_commands/install.log --single-version-externally-managed install_data --force
