[0.698s] Invoking command in '/home/sanmaster/turtlebot_development/src/simple_commands': PYTHONPATH=/home/sanmaster/turtlebot_development/build/simple_commands/prefix_override:/usr/lib/python3/dist-packages/colcon_core/task/python/colcon_distutils_commands:/home/sanmaster/turtlebot_development/install/simple_commands/lib/python3.10/site-packages:${PYTHONPATH} /usr/bin/python3 -W ignore:setup.py install is deprecated setup.py egg_info --egg-base ../../build/simple_commands build --build-base /home/sanmaster/turtlebot_development/build/simple_commands/build install --record /home/sanmaster/turtlebot_development/build/simple_commands/install.log --single-version-externally-managed install_data
[0.956s] running egg_info
[0.957s] writing ../../build/simple_commands/simple_commands.egg-info/PKG-INFO
[0.957s] writing dependency_links to ../../build/simple_commands/simple_commands.egg-info/dependency_links.txt
[0.957s] writing entry points to ../../build/simple_commands/simple_commands.egg-info/entry_points.txt
[0.957s] writing requirements to ../../build/simple_commands/simple_commands.egg-info/requires.txt
[0.957s] writing top-level names to ../../build/simple_commands/simple_commands.egg-info/top_level.txt
[0.959s] reading manifest file '../../build/simple_commands/simple_commands.egg-info/SOURCES.txt'
[0.960s] adding license file 'LICENSE'
[0.960s] writing manifest file '../../build/simple_commands/simple_commands.egg-info/SOURCES.txt'
[0.960s] running build
[0.960s] running build_py
[0.961s] running install
[0.961s] running install_lib
[0.962s] running install_data
[0.962s] copying package.xml -> /home/sanmaster/turtlebot_development/install/simple_commands/share/simple_commands
[0.962s] creating /home/sanmaster/turtlebot_development/install/simple_commands/share/simple_commands/urdf
[0.962s] copying urdf/turtlebot3_burger.urdf.xacro -> /home/sanmaster/turtlebot_development/install/simple_commands/share/simple_commands/urdf
[0.963s] copying urdf/turtlebot3_burger.gazebo.xacro -> /home/sanmaster/turtlebot_development/install/simple_commands/share/simple_commands/urdf
[0.963s] creating /home/sanmaster/turtlebot_development/install/simple_commands/share/simple_commands/meshes
[0.963s] copying meshes/bases/burger_base.stl -> /home/sanmaster/turtlebot_development/install/simple_commands/share/simple_commands/meshes
[0.964s] copying meshes/sensors/lds.stl -> /home/sanmaster/turtlebot_development/install/simple_commands/share/simple_commands/meshes
[0.964s] copying meshes/wheels/left_tire.stl -> /home/sanmaster/turtlebot_development/install/simple_commands/share/simple_commands/meshes
[0.965s] copying meshes/wheels/right_tire.stl -> /home/sanmaster/turtlebot_development/install/simple_commands/share/simple_commands/meshes
[0.966s] running install_egg_info
[0.968s] removing '/home/sanmaster/turtlebot_development/install/simple_commands/lib/python3.10/site-packages/simple_commands-0.0.0-py3.10.egg-info' (and everything under it)
[0.968s] Copying ../../build/simple_commands/simple_commands.egg-info to /home/sanmaster/turtlebot_development/install/simple_commands/lib/python3.10/site-packages/simple_commands-0.0.0-py3.10.egg-info
[0.969s] running install_scripts
[0.990s] Installing movement_publisher script to /home/sanmaster/turtlebot_development/install/simple_commands/lib/simple_commands
[0.990s] writing list of installed files to '/home/sanmaster/turtlebot_development/build/simple_commands/install.log'
[1.010s] Invoked command in '/home/sanmaster/turtlebot_development/src/simple_commands' returned '0': PYTHONPATH=/home/sanmaster/turtlebot_development/build/simple_commands/prefix_override:/usr/lib/python3/dist-packages/colcon_core/task/python/colcon_distutils_commands:/home/sanmaster/turtlebot_development/install/simple_commands/lib/python3.10/site-packages:${PYTHONPATH} /usr/bin/python3 -W ignore:setup.py install is deprecated setup.py egg_info --egg-base ../../build/simple_commands build --build-base /home/sanmaster/turtlebot_development/build/simple_commands/build install --record /home/sanmaster/turtlebot_development/build/simple_commands/install.log --single-version-externally-managed install_data
