[0.870s] Invoking command in '/home/sanmaster/turtlebot_development/build/simple_commands': PYTHONPATH=/home/sanmaster/turtlebot_development/build/simple_commands/prefix_override:/usr/lib/python3/dist-packages/colcon_core/task/python/colcon_distutils_commands:/home/sanmaster/turtlebot_development/install/simple_commands/lib/python3.10/site-packages:${PYTHONPATH} /usr/bin/python3 -W ignore:setup.py install is deprecated setup.py develop --editable --build-directory /home/sanmaster/turtlebot_development/build/simple_commands/build --no-deps symlink_data --force
[1.208s] running develop
[1.209s] /usr/lib/python3/dist-packages/setuptools/command/easy_install.py:158: EasyInstallDeprecationWarning: easy_install command is deprecated. Use build and pip and other standards-based tools.
[1.209s]   warnings.warn(
[1.441s] running egg_info
[1.442s] writing simple_commands.egg-info/PKG-INFO
[1.442s] writing dependency_links to simple_commands.egg-info/dependency_links.txt
[1.442s] writing entry points to simple_commands.egg-info/entry_points.txt
[1.442s] writing requirements to simple_commands.egg-info/requires.txt
[1.442s] writing top-level names to simple_commands.egg-info/top_level.txt
[1.444s] reading manifest file 'simple_commands.egg-info/SOURCES.txt'
[1.445s] writing manifest file 'simple_commands.egg-info/SOURCES.txt'
[1.447s] running build_ext
[1.447s] Creating /home/sanmaster/turtlebot_development/install/simple_commands/lib/python3.10/site-packages/simple-commands.egg-link (link to .)
[1.448s] Installing aruco_publisher script to /home/sanmaster/turtlebot_development/install/simple_commands/lib/simple_commands
[1.448s] Installing aruco_subscriber script to /home/sanmaster/turtlebot_development/install/simple_commands/lib/simple_commands
[1.448s] Installing movement_publisher script to /home/sanmaster/turtlebot_development/install/simple_commands/lib/simple_commands
[1.448s] 
[1.448s] Installed /home/sanmaster/turtlebot_development/build/simple_commands
[1.448s] running symlink_data
[1.449s] symbolically linking /home/sanmaster/turtlebot_development/build/simple_commands/resource/simple_commands -> /home/sanmaster/turtlebot_development/install/simple_commands/share/ament_index/resource_index/packages
[1.449s] symbolically linking /home/sanmaster/turtlebot_development/build/simple_commands/package.xml -> /home/sanmaster/turtlebot_development/install/simple_commands/share/simple_commands
[1.449s] symbolically linking /home/sanmaster/turtlebot_development/build/simple_commands/launch/launch_turtlebot.py -> /home/sanmaster/turtlebot_development/install/simple_commands/share/simple_commands/launch
[1.449s] symbolically linking /home/sanmaster/turtlebot_development/build/simple_commands/urdf/turtlebot3_burger.urdf.xacro -> /home/sanmaster/turtlebot_development/install/simple_commands/share/simple_commands/urdf
[1.449s] symbolically linking /home/sanmaster/turtlebot_development/build/simple_commands/urdf/turtlebot3_burger.gazebo.xacro -> /home/sanmaster/turtlebot_development/install/simple_commands/share/simple_commands/urdf
[1.449s] symbolically linking /home/sanmaster/turtlebot_development/build/simple_commands/meshes/bases/burger_base.stl -> /home/sanmaster/turtlebot_development/install/simple_commands/share/simple_commands/meshes
[1.449s] symbolically linking /home/sanmaster/turtlebot_development/build/simple_commands/meshes/sensors/lds.stl -> /home/sanmaster/turtlebot_development/install/simple_commands/share/simple_commands/meshes
[1.449s] symbolically linking /home/sanmaster/turtlebot_development/build/simple_commands/meshes/wheels/left_tire.stl -> /home/sanmaster/turtlebot_development/install/simple_commands/share/simple_commands/meshes
[1.450s] symbolically linking /home/sanmaster/turtlebot_development/build/simple_commands/meshes/wheels/right_tire.stl -> /home/sanmaster/turtlebot_development/install/simple_commands/share/simple_commands/meshes
[1.477s] Invoked command in '/home/sanmaster/turtlebot_development/build/simple_commands' returned '0': PYTHONPATH=/home/sanmaster/turtlebot_development/build/simple_commands/prefix_override:/usr/lib/python3/dist-packages/colcon_core/task/python/colcon_distutils_commands:/home/sanmaster/turtlebot_development/install/simple_commands/lib/python3.10/site-packages:${PYTHONPATH} /usr/bin/python3 -W ignore:setup.py install is deprecated setup.py develop --editable --build-directory /home/sanmaster/turtlebot_development/build/simple_commands/build --no-deps symlink_data --force
