[0.180s] DEBUG:colcon:Command line arguments: ['/usr/bin/colcon', 'build', '--symlink-install']
[0.180s] DEBUG:colcon:Parsed command line arguments: Namespace(log_base=None, log_level=None, verb_name='build', build_base='build', install_base='install', merge_install=False, symlink_install=True, test_result_base=None, continue_on_error=False, executor='parallel', parallel_workers=12, event_handlers=None, ignore_user_meta=False, metas=['./colcon.meta'], base_paths=['.'], packages_ignore=None, packages_ignore_regex=None, paths=None, packages_up_to=None, packages_up_to_regex=None, packages_above=None, packages_above_and_dependencies=None, packages_above_depth=None, packages_select_by_dep=None, packages_skip_by_dep=None, packages_skip_up_to=None, packages_select_build_failed=False, packages_skip_build_finished=False, packages_select_test_failures=False, packages_skip_test_passed=False, packages_select=None, packages_skip=None, packages_select_regex=None, packages_skip_regex=None, packages_start=None, packages_end=None, allow_overriding=[], cmake_args=None, cmake_target=None, cmake_target_skip_unavailable=False, cmake_clean_cache=False, cmake_clean_first=False, cmake_force_configure=False, ament_cmake_args=None, catkin_cmake_args=None, catkin_skip_building_tests=False, mixin_files=None, mixin=None, verb_parser=<colcon_mixin.mixin.mixin_argument.MixinArgumentDecorator object at 0x7f6407e4bd90>, verb_extension=<colcon_core.verb.build.BuildVerb object at 0x7f6407e4b820>, main=<bound method BuildVerb.main of <colcon_core.verb.build.BuildVerb object at 0x7f6407e4b820>>, mixin_verb=('build',))
[0.504s] Level 1:colcon.colcon_core.package_discovery:discover_packages(colcon_meta) check parameters
[0.504s] Level 1:colcon.colcon_core.package_discovery:discover_packages(recursive) check parameters
[0.504s] Level 1:colcon.colcon_core.package_discovery:discover_packages(ignore) check parameters
[0.504s] Level 1:colcon.colcon_core.package_discovery:discover_packages(path) check parameters
[0.504s] Level 1:colcon.colcon_core.package_discovery:discover_packages(colcon_meta) discover
[0.504s] Level 1:colcon.colcon_core.package_discovery:discover_packages(recursive) discover
[0.504s] INFO:colcon.colcon_core.package_discovery:Crawling recursively for packages in '/home/sanmaster/turtlebot_development'
[0.504s] Level 1:colcon.colcon_core.package_identification:_identify(.) by extensions ['ignore', 'ignore_ament_install']
[0.504s] Level 1:colcon.colcon_core.package_identification:_identify(.) by extension 'ignore'
[0.504s] Level 1:colcon.colcon_core.package_identification:_identify(.) by extension 'ignore_ament_install'
[0.504s] Level 1:colcon.colcon_core.package_identification:_identify(.) by extensions ['colcon_pkg']
[0.504s] Level 1:colcon.colcon_core.package_identification:_identify(.) by extension 'colcon_pkg'
[0.504s] Level 1:colcon.colcon_core.package_identification:_identify(.) by extensions ['colcon_meta']
[0.505s] Level 1:colcon.colcon_core.package_identification:_identify(.) by extension 'colcon_meta'
[0.505s] Level 1:colcon.colcon_core.package_identification:_identify(.) by extensions ['ros']
[0.505s] Level 1:colcon.colcon_core.package_identification:_identify(.) by extension 'ros'
[0.520s] Level 1:colcon.colcon_core.package_identification:_identify(.) by extensions ['cmake', 'python']
[0.520s] Level 1:colcon.colcon_core.package_identification:_identify(.) by extension 'cmake'
[0.520s] Level 1:colcon.colcon_core.package_identification:_identify(.) by extension 'python'
[0.520s] Level 1:colcon.colcon_core.package_identification:_identify(.) by extensions ['python_setup_py']
[0.520s] Level 1:colcon.colcon_core.package_identification:_identify(.) by extension 'python_setup_py'
[0.520s] Level 1:colcon.colcon_core.package_identification:_identify(build) by extensions ['ignore', 'ignore_ament_install']
[0.520s] Level 1:colcon.colcon_core.package_identification:_identify(build) by extension 'ignore'
[0.520s] Level 1:colcon.colcon_core.package_identification:_identify(build) ignored
[0.520s] Level 1:colcon.colcon_core.package_identification:_identify(install) by extensions ['ignore', 'ignore_ament_install']
[0.520s] Level 1:colcon.colcon_core.package_identification:_identify(install) by extension 'ignore'
[0.520s] Level 1:colcon.colcon_core.package_identification:_identify(install) ignored
[0.521s] Level 1:colcon.colcon_core.package_identification:_identify(log) by extensions ['ignore', 'ignore_ament_install']
[0.521s] Level 1:colcon.colcon_core.package_identification:_identify(log) by extension 'ignore'
[0.521s] Level 1:colcon.colcon_core.package_identification:_identify(log) ignored
[0.521s] Level 1:colcon.colcon_core.package_identification:_identify(src) by extensions ['ignore', 'ignore_ament_install']
[0.521s] Level 1:colcon.colcon_core.package_identification:_identify(src) by extension 'ignore'
[0.521s] Level 1:colcon.colcon_core.package_identification:_identify(src) by extension 'ignore_ament_install'
[0.521s] Level 1:colcon.colcon_core.package_identification:_identify(src) by extensions ['colcon_pkg']
[0.521s] Level 1:colcon.colcon_core.package_identification:_identify(src) by extension 'colcon_pkg'
[0.521s] Level 1:colcon.colcon_core.package_identification:_identify(src) by extensions ['colcon_meta']
[0.521s] Level 1:colcon.colcon_core.package_identification:_identify(src) by extension 'colcon_meta'
[0.521s] Level 1:colcon.colcon_core.package_identification:_identify(src) by extensions ['ros']
[0.521s] Level 1:colcon.colcon_core.package_identification:_identify(src) by extension 'ros'
[0.521s] Level 1:colcon.colcon_core.package_identification:_identify(src) by extensions ['cmake', 'python']
[0.521s] Level 1:colcon.colcon_core.package_identification:_identify(src) by extension 'cmake'
[0.521s] Level 1:colcon.colcon_core.package_identification:_identify(src) by extension 'python'
[0.521s] Level 1:colcon.colcon_core.package_identification:_identify(src) by extensions ['python_setup_py']
[0.522s] Level 1:colcon.colcon_core.package_identification:_identify(src) by extension 'python_setup_py'
[0.522s] Level 1:colcon.colcon_core.package_identification:_identify(src/documentation) by extensions ['ignore', 'ignore_ament_install']
[0.522s] Level 1:colcon.colcon_core.package_identification:_identify(src/documentation) by extension 'ignore'
[0.522s] Level 1:colcon.colcon_core.package_identification:_identify(src/documentation) by extension 'ignore_ament_install'
[0.522s] Level 1:colcon.colcon_core.package_identification:_identify(src/documentation) by extensions ['colcon_pkg']
[0.522s] Level 1:colcon.colcon_core.package_identification:_identify(src/documentation) by extension 'colcon_pkg'
[0.522s] Level 1:colcon.colcon_core.package_identification:_identify(src/documentation) by extensions ['colcon_meta']
[0.522s] Level 1:colcon.colcon_core.package_identification:_identify(src/documentation) by extension 'colcon_meta'
[0.522s] Level 1:colcon.colcon_core.package_identification:_identify(src/documentation) by extensions ['ros']
[0.522s] Level 1:colcon.colcon_core.package_identification:_identify(src/documentation) by extension 'ros'
[0.522s] Level 1:colcon.colcon_core.package_identification:_identify(src/documentation) by extensions ['cmake', 'python']
[0.522s] Level 1:colcon.colcon_core.package_identification:_identify(src/documentation) by extension 'cmake'
[0.522s] Level 1:colcon.colcon_core.package_identification:_identify(src/documentation) by extension 'python'
[0.522s] Level 1:colcon.colcon_core.package_identification:_identify(src/documentation) by extensions ['python_setup_py']
[0.522s] Level 1:colcon.colcon_core.package_identification:_identify(src/documentation) by extension 'python_setup_py'
[0.522s] Level 1:colcon.colcon_core.package_identification:_identify(src/simple_commands) by extensions ['ignore', 'ignore_ament_install']
[0.523s] Level 1:colcon.colcon_core.package_identification:_identify(src/simple_commands) by extension 'ignore'
[0.523s] Level 1:colcon.colcon_core.package_identification:_identify(src/simple_commands) by extension 'ignore_ament_install'
[0.523s] Level 1:colcon.colcon_core.package_identification:_identify(src/simple_commands) by extensions ['colcon_pkg']
[0.523s] Level 1:colcon.colcon_core.package_identification:_identify(src/simple_commands) by extension 'colcon_pkg'
[0.523s] Level 1:colcon.colcon_core.package_identification:_identify(src/simple_commands) by extensions ['colcon_meta']
[0.523s] Level 1:colcon.colcon_core.package_identification:_identify(src/simple_commands) by extension 'colcon_meta'
[0.523s] Level 1:colcon.colcon_core.package_identification:_identify(src/simple_commands) by extensions ['ros']
[0.523s] Level 1:colcon.colcon_core.package_identification:_identify(src/simple_commands) by extension 'ros'
[0.526s] DEBUG:colcon.colcon_core.package_identification:Package 'src/simple_commands' with type 'ros.ament_python' and name 'simple_commands'
[0.526s] Level 1:colcon.colcon_core.package_discovery:discover_packages(recursive) using defaults
[0.526s] Level 1:colcon.colcon_core.package_discovery:discover_packages(ignore) discover
[0.527s] Level 1:colcon.colcon_core.package_discovery:discover_packages(ignore) using defaults
[0.527s] Level 1:colcon.colcon_core.package_discovery:discover_packages(path) discover
[0.527s] Level 1:colcon.colcon_core.package_discovery:discover_packages(path) using defaults
[0.568s] Level 1:colcon.colcon_core.package_discovery:discover_packages(prefix_path) check parameters
[0.568s] Level 1:colcon.colcon_core.package_discovery:discover_packages(prefix_path) discover
[0.571s] DEBUG:colcon.colcon_installed_package_information.package_discovery:Found 1 installed packages in /home/sanmaster/turtlebot_development/install
[0.573s] DEBUG:colcon.colcon_installed_package_information.package_discovery:Found 373 installed packages in /opt/ros/humble
[0.575s] Level 1:colcon.colcon_core.package_discovery:discover_packages(prefix_path) using defaults
[0.633s] Level 5:colcon.colcon_core.verb:set package 'simple_commands' build argument 'cmake_args' from command line to 'None'
[0.633s] Level 5:colcon.colcon_core.verb:set package 'simple_commands' build argument 'cmake_target' from command line to 'None'
[0.633s] Level 5:colcon.colcon_core.verb:set package 'simple_commands' build argument 'cmake_target_skip_unavailable' from command line to 'False'
[0.633s] Level 5:colcon.colcon_core.verb:set package 'simple_commands' build argument 'cmake_clean_cache' from command line to 'False'
[0.633s] Level 5:colcon.colcon_core.verb:set package 'simple_commands' build argument 'cmake_clean_first' from command line to 'False'
[0.633s] Level 5:colcon.colcon_core.verb:set package 'simple_commands' build argument 'cmake_force_configure' from command line to 'False'
[0.633s] Level 5:colcon.colcon_core.verb:set package 'simple_commands' build argument 'ament_cmake_args' from command line to 'None'
[0.633s] Level 5:colcon.colcon_core.verb:set package 'simple_commands' build argument 'catkin_cmake_args' from command line to 'None'
[0.633s] Level 5:colcon.colcon_core.verb:set package 'simple_commands' build argument 'catkin_skip_building_tests' from command line to 'False'
[0.633s] DEBUG:colcon.colcon_core.verb:Building package 'simple_commands' with the following arguments: {'ament_cmake_args': None, 'build_base': '/home/sanmaster/turtlebot_development/build/simple_commands', 'catkin_cmake_args': None, 'catkin_skip_building_tests': False, 'cmake_args': None, 'cmake_clean_cache': False, 'cmake_clean_first': False, 'cmake_force_configure': False, 'cmake_target': None, 'cmake_target_skip_unavailable': False, 'install_base': '/home/sanmaster/turtlebot_development/install/simple_commands', 'merge_install': False, 'path': '/home/sanmaster/turtlebot_development/src/simple_commands', 'symlink_install': True, 'test_result_base': None}
[0.633s] INFO:colcon.colcon_core.executor:Executing jobs using 'parallel' executor
[0.634s] DEBUG:colcon.colcon_parallel_executor.executor.parallel:run_until_complete
[0.635s] INFO:colcon.colcon_ros.task.ament_python.build:Building ROS package in '/home/sanmaster/turtlebot_development/src/simple_commands' with build type 'ament_python'
[0.635s] Level 1:colcon.colcon_core.shell:create_environment_hook('simple_commands', 'ament_prefix_path')
[0.638s] INFO:colcon.colcon_core.plugin_system:Skipping extension 'colcon_core.shell.bat': Not used on non-Windows systems
[0.638s] INFO:colcon.colcon_core.shell:Creating environment hook '/home/sanmaster/turtlebot_development/install/simple_commands/share/simple_commands/hook/ament_prefix_path.ps1'
[0.639s] INFO:colcon.colcon_core.shell:Creating environment descriptor '/home/sanmaster/turtlebot_development/install/simple_commands/share/simple_commands/hook/ament_prefix_path.dsv'
[0.640s] INFO:colcon.colcon_core.shell:Creating environment hook '/home/sanmaster/turtlebot_development/install/simple_commands/share/simple_commands/hook/ament_prefix_path.sh'
[0.641s] INFO:colcon.colcon_core.shell:Skip shell extension 'powershell' for command environment: Not usable outside of PowerShell
[0.641s] DEBUG:colcon.colcon_core.shell:Skip shell extension 'dsv' for command environment
[1.033s] INFO:colcon.colcon_core.task.python.build:Building Python package in '/home/sanmaster/turtlebot_development/src/simple_commands'
[1.033s] INFO:colcon.colcon_core.shell:Skip shell extension 'powershell' for command environment: Not usable outside of PowerShell
[1.033s] DEBUG:colcon.colcon_core.shell:Skip shell extension 'dsv' for command environment
[1.503s] DEBUG:colcon.colcon_core.task.python.build:While undoing a previous installation files outside the Python library path are being ignored: /home/sanmaster/turtlebot_development/install/simple_commands/share/ament_index/resource_index/packages/simple_commands
[1.503s] DEBUG:colcon.colcon_core.task.python.build:While undoing a previous installation files outside the Python library path are being ignored: /home/sanmaster/turtlebot_development/install/simple_commands/share/simple_commands/package.xml
[1.503s] DEBUG:colcon.colcon_core.task.python.build:While undoing a previous installation files outside the Python library path are being ignored: /home/sanmaster/turtlebot_development/install/simple_commands/share/simple_commands/launch/launch_turtlebot.py
[1.503s] DEBUG:colcon.colcon_core.task.python.build:While undoing a previous installation files outside the Python library path are being ignored: /home/sanmaster/turtlebot_development/install/simple_commands/share/simple_commands/urdf/turtlebot3_burger.urdf.xacro
[1.503s] DEBUG:colcon.colcon_core.task.python.build:While undoing a previous installation files outside the Python library path are being ignored: /home/sanmaster/turtlebot_development/install/simple_commands/share/simple_commands/urdf/turtlebot3_burger.gazebo.xacro
[1.503s] DEBUG:colcon.colcon_core.task.python.build:While undoing a previous installation files outside the Python library path are being ignored: /home/sanmaster/turtlebot_development/install/simple_commands/share/simple_commands/meshes/burger_base.stl
[1.503s] DEBUG:colcon.colcon_core.task.python.build:While undoing a previous installation files outside the Python library path are being ignored: /home/sanmaster/turtlebot_development/install/simple_commands/share/simple_commands/meshes/lds.stl
[1.503s] DEBUG:colcon.colcon_core.task.python.build:While undoing a previous installation files outside the Python library path are being ignored: /home/sanmaster/turtlebot_development/install/simple_commands/share/simple_commands/meshes/left_tire.stl
[1.503s] DEBUG:colcon.colcon_core.task.python.build:While undoing a previous installation files outside the Python library path are being ignored: /home/sanmaster/turtlebot_development/install/simple_commands/share/simple_commands/meshes/right_tire.stl
[1.504s] DEBUG:colcon.colcon_core.task.python.build:While undoing a previous installation files outside the Python library path are being ignored: /home/sanmaster/turtlebot_development/install/simple_commands/lib/simple_commands/aruco_publisher
[1.504s] DEBUG:colcon.colcon_core.task.python.build:While undoing a previous installation files outside the Python library path are being ignored: /home/sanmaster/turtlebot_development/install/simple_commands/lib/simple_commands/aruco_subscriber
[1.504s] DEBUG:colcon.colcon_core.task.python.build:While undoing a previous installation files outside the Python library path are being ignored: /home/sanmaster/turtlebot_development/install/simple_commands/lib/simple_commands/movement_publisher
[1.505s] DEBUG:colcon.colcon_core.event_handler.log_command:Invoking command in '/home/sanmaster/turtlebot_development/build/simple_commands': PYTHONPATH=/home/sanmaster/turtlebot_development/build/simple_commands/prefix_override:/usr/lib/python3/dist-packages/colcon_core/task/python/colcon_distutils_commands:/home/sanmaster/turtlebot_development/install/simple_commands/lib/python3.10/site-packages:${PYTHONPATH} /usr/bin/python3 -W ignore:setup.py install is deprecated setup.py develop --editable --build-directory /home/sanmaster/turtlebot_development/build/simple_commands/build --no-deps symlink_data --force
[2.111s] Level 1:colcon.colcon_core.shell:create_environment_hook('simple_commands', 'pythonpath_develop')
[2.111s] INFO:colcon.colcon_core.shell:Creating environment hook '/home/sanmaster/turtlebot_development/build/simple_commands/share/simple_commands/hook/pythonpath_develop.ps1'
[2.112s] DEBUG:colcon.colcon_core.event_handler.log_command:Invoked command in '/home/sanmaster/turtlebot_development/build/simple_commands' returned '0': PYTHONPATH=/home/sanmaster/turtlebot_development/build/simple_commands/prefix_override:/usr/lib/python3/dist-packages/colcon_core/task/python/colcon_distutils_commands:/home/sanmaster/turtlebot_development/install/simple_commands/lib/python3.10/site-packages:${PYTHONPATH} /usr/bin/python3 -W ignore:setup.py install is deprecated setup.py develop --editable --build-directory /home/sanmaster/turtlebot_development/build/simple_commands/build --no-deps symlink_data --force
[2.112s] INFO:colcon.colcon_core.shell:Creating environment descriptor '/home/sanmaster/turtlebot_development/build/simple_commands/share/simple_commands/hook/pythonpath_develop.dsv'
[2.113s] INFO:colcon.colcon_core.shell:Creating environment hook '/home/sanmaster/turtlebot_development/build/simple_commands/share/simple_commands/hook/pythonpath_develop.sh'
[2.117s] Level 1:colcon.colcon_core.environment:checking '/home/sanmaster/turtlebot_development/install/simple_commands' for CMake module files
[2.118s] Level 1:colcon.colcon_core.environment:checking '/home/sanmaster/turtlebot_development/install/simple_commands' for CMake config files
[2.118s] Level 1:colcon.colcon_core.environment:checking '/home/sanmaster/turtlebot_development/install/simple_commands/lib'
[2.118s] Level 1:colcon.colcon_core.environment:checking '/home/sanmaster/turtlebot_development/install/simple_commands/bin'
[2.119s] Level 1:colcon.colcon_core.environment:checking '/home/sanmaster/turtlebot_development/install/simple_commands/lib/pkgconfig/simple_commands.pc'
[2.119s] Level 1:colcon.colcon_core.environment:checking '/home/sanmaster/turtlebot_development/install/simple_commands/lib/python3.10/site-packages'
[2.119s] Level 1:colcon.colcon_core.shell:create_environment_hook('simple_commands', 'pythonpath')
[2.119s] INFO:colcon.colcon_core.shell:Creating environment hook '/home/sanmaster/turtlebot_development/install/simple_commands/share/simple_commands/hook/pythonpath.ps1'
[2.120s] INFO:colcon.colcon_core.shell:Creating environment descriptor '/home/sanmaster/turtlebot_development/install/simple_commands/share/simple_commands/hook/pythonpath.dsv'
[2.120s] INFO:colcon.colcon_core.shell:Creating environment hook '/home/sanmaster/turtlebot_development/install/simple_commands/share/simple_commands/hook/pythonpath.sh'
[2.120s] Level 1:colcon.colcon_core.environment:checking '/home/sanmaster/turtlebot_development/install/simple_commands/bin'
[2.120s] Level 1:colcon.colcon_core.environment:create_environment_scripts_only(simple_commands)
[2.121s] INFO:colcon.colcon_core.shell:Creating package script '/home/sanmaster/turtlebot_development/install/simple_commands/share/simple_commands/package.ps1'
[2.122s] INFO:colcon.colcon_core.shell:Creating package descriptor '/home/sanmaster/turtlebot_development/install/simple_commands/share/simple_commands/package.dsv'
[2.122s] INFO:colcon.colcon_core.shell:Creating package script '/home/sanmaster/turtlebot_development/install/simple_commands/share/simple_commands/package.sh'
[2.123s] INFO:colcon.colcon_core.shell:Creating package script '/home/sanmaster/turtlebot_development/install/simple_commands/share/simple_commands/package.bash'
[2.124s] INFO:colcon.colcon_core.shell:Creating package script '/home/sanmaster/turtlebot_development/install/simple_commands/share/simple_commands/package.zsh'
[2.125s] Level 1:colcon.colcon_core.environment:create_file_with_runtime_dependencies(/home/sanmaster/turtlebot_development/install/simple_commands/share/colcon-core/packages/simple_commands)
[2.125s] DEBUG:colcon.colcon_parallel_executor.executor.parallel:closing loop
[2.126s] DEBUG:colcon.colcon_parallel_executor.executor.parallel:loop closed
[2.126s] DEBUG:colcon.colcon_parallel_executor.executor.parallel:run_until_complete finished with '0'
[2.126s] DEBUG:colcon.colcon_core.event_reactor:joining thread
[2.133s] INFO:colcon.colcon_core.plugin_system:Skipping extension 'colcon_notification.desktop_notification.terminal_notifier': Not used on non-Darwin systems
[2.133s] INFO:colcon.colcon_core.plugin_system:Skipping extension 'colcon_notification.desktop_notification.win32': Not used on non-Windows systems
[2.133s] INFO:colcon.colcon_notification.desktop_notification:Sending desktop notification using 'notify2'
[2.146s] DEBUG:colcon.colcon_core.event_reactor:joined thread
[2.146s] INFO:colcon.colcon_core.shell:Creating prefix script '/home/sanmaster/turtlebot_development/install/local_setup.ps1'
[2.148s] INFO:colcon.colcon_core.shell:Creating prefix util module '/home/sanmaster/turtlebot_development/install/_local_setup_util_ps1.py'
[2.150s] INFO:colcon.colcon_core.shell:Creating prefix chain script '/home/sanmaster/turtlebot_development/install/setup.ps1'
[2.152s] INFO:colcon.colcon_core.shell:Creating prefix script '/home/sanmaster/turtlebot_development/install/local_setup.sh'
[2.153s] INFO:colcon.colcon_core.shell:Creating prefix util module '/home/sanmaster/turtlebot_development/install/_local_setup_util_sh.py'
[2.154s] INFO:colcon.colcon_core.shell:Creating prefix chain script '/home/sanmaster/turtlebot_development/install/setup.sh'
[2.156s] INFO:colcon.colcon_core.shell:Creating prefix script '/home/sanmaster/turtlebot_development/install/local_setup.bash'
[2.157s] INFO:colcon.colcon_core.shell:Creating prefix chain script '/home/sanmaster/turtlebot_development/install/setup.bash'
[2.158s] INFO:colcon.colcon_core.shell:Creating prefix script '/home/sanmaster/turtlebot_development/install/local_setup.zsh'
[2.159s] INFO:colcon.colcon_core.shell:Creating prefix chain script '/home/sanmaster/turtlebot_development/install/setup.zsh'
